<html>
<head>
<title>TestNG:  Surefire test</title>
<link href="../testng.css" rel="stylesheet" type="text/css" />
<link href="../my-testng.css" rel="stylesheet" type="text/css" />

<style type="text/css">
.log { display: none;} 
.stack-trace { display: none;} 
</style>
<script type="text/javascript">
<!--
function flip(e) {
  current = e.style.display;
  if (current == 'block') {
    e.style.display = 'none';
    return 0;
  }
  else {
    e.style.display = 'block';
    return 1;
  }
}

function toggleBox(szDivId, elem, msg1, msg2)
{
  var res = -1;  if (document.getElementById) {
    res = flip(document.getElementById(szDivId));
  }
  else if (document.all) {
    // this is the way old msie versions work
    res = flip(document.all[szDivId]);
  }
  if(elem) {
    if(res == 0) elem.innerHTML = msg1; else elem.innerHTML = msg2;
  }

}

function toggleAllBoxes() {
  if (document.getElementsByTagName) {
    d = document.getElementsByTagName('div');
    for (i = 0; i < d.length; i++) {
      if (d[i].className == 'log') {
        flip(d[i]);
      }
    }
  }
}

// -->
</script>

</head>
<body>
<h2 align='center'>Surefire test</h2><table border='1' align="center">
<tr>
<td>Tests passed/Failed/Skipped:</td><td>17/3/0</td>
</tr><tr>
<td>Started on:</td><td>Sat Jul 16 16:23:21 EET 2022</td>
</tr>
<tr><td>Total time:</td><td>206 seconds (206276 ms)</td>
</tr><tr>
<td>Included groups:</td><td></td>
</tr><tr>
<td>Excluded groups:</td><td></td>
</tr>
</table><p/>
<small><i>(Hover the method name to see the test class name)</i></small><p/>
<table width='100%' border='1' class='invocation-failed'>
<tr><td colspan='4' align='center'><b>FAILED TESTS</b></td></tr>
<tr><td><b>Test method</b></td>
<td><b>Attribute(s)</b></td>
<td width="30%"><b>Exception</b></td>
<td width="10%"><b>Time (seconds)</b></td>
<td><b>Instance</b></td>
</tr>
<tr>
<td title='org.example.testRunner.Runner.runScenario()'><b>runScenario</b><br>Test class: org.example.testRunner.Runner<br>Test method: Runs Cucumber Scenarios<br>Parameters: "verify if the second slider link is exist", "F06_homeSliders | check if the home slider is work as expected"</td>
<td><div><pre>java.lang.AssertionError: expected [https://demo.nopcommerce.com/iphone-6] but found [https://demo.nopcommerce.com/]
	at org.example.stepDefs.D06_homeSlidersStepDef.verify_if_the_redirect_link_is(D06_homeSlidersStepDef.java:29)
	at ✽.verify if the redirect link is &quot;https://demo.nopcommerce.com/iphone-6&quot;(file:///D:/clipse-workspaces/intellij/automation_projects/demonopcommerce/src/main/resources/features/F06_homeSliders.feature:9)
... Removed 6 stack frames</pre></div><a href='#' onClick='toggleBox("stack-trace694580932", this, "Click to show all stack frames", "Click to hide stack frames")'>Click to show all stack frames</a>
<div class='stack-trace' id='stack-trace694580932'><pre>java.lang.AssertionError: expected [https://demo.nopcommerce.com/iphone-6] but found [https://demo.nopcommerce.com/]
	at org.testng.Assert.fail(Assert.java:110)
	at org.testng.Assert.failNotEquals(Assert.java:1413)
	at org.testng.Assert.assertEqualsImpl(Assert.java:149)
	at org.testng.Assert.assertEquals(Assert.java:131)
	at org.testng.Assert.assertEquals(Assert.java:655)
	at org.testng.Assert.assertEquals(Assert.java:665)
	at org.example.stepDefs.D06_homeSlidersStepDef.verify_if_the_redirect_link_is(D06_homeSlidersStepDef.java:29)
	at ✽.verify if the redirect link is &quot;https://demo.nopcommerce.com/iphone-6&quot;(file:///D:/clipse-workspaces/intellij/automation_projects/demonopcommerce/src/main/resources/features/F06_homeSliders.feature:9)
</pre></div></td>
<td>9</td>
<td>org.example.testRunner.Runner@470f1802</td></tr>
<tr>
<td title='org.example.testRunner.Runner.runScenario()'><b>runScenario</b><br>Test class: org.example.testRunner.Runner<br>Test method: Runs Cucumber Scenarios<br>Parameters: "verify if the first slider link is exist", "F06_homeSliders | check if the home slider is work as expected"</td>
<td><div><pre>java.lang.AssertionError: expected [https://demo.nopcommerce.com/nokia-lumia-1020] but found [https://demo.nopcommerce.com/]
	at org.example.stepDefs.D06_homeSlidersStepDef.verify_if_the_redirect_link_is(D06_homeSlidersStepDef.java:29)
	at ✽.verify if the redirect link is &quot;https://demo.nopcommerce.com/nokia-lumia-1020&quot;(file:///D:/clipse-workspaces/intellij/automation_projects/demonopcommerce/src/main/resources/features/F06_homeSliders.feature:5)
... Removed 6 stack frames</pre></div><a href='#' onClick='toggleBox("stack-trace1796366727", this, "Click to show all stack frames", "Click to hide stack frames")'>Click to show all stack frames</a>
<div class='stack-trace' id='stack-trace1796366727'><pre>java.lang.AssertionError: expected [https://demo.nopcommerce.com/nokia-lumia-1020] but found [https://demo.nopcommerce.com/]
	at org.testng.Assert.fail(Assert.java:110)
	at org.testng.Assert.failNotEquals(Assert.java:1413)
	at org.testng.Assert.assertEqualsImpl(Assert.java:149)
	at org.testng.Assert.assertEquals(Assert.java:131)
	at org.testng.Assert.assertEquals(Assert.java:655)
	at org.testng.Assert.assertEquals(Assert.java:665)
	at org.example.stepDefs.D06_homeSlidersStepDef.verify_if_the_redirect_link_is(D06_homeSlidersStepDef.java:29)
	at ✽.verify if the redirect link is &quot;https://demo.nopcommerce.com/nokia-lumia-1020&quot;(file:///D:/clipse-workspaces/intellij/automation_projects/demonopcommerce/src/main/resources/features/F06_homeSliders.feature:5)
</pre></div></td>
<td>7</td>
<td>org.example.testRunner.Runner@470f1802</td></tr>
<tr>
<td title='org.example.testRunner.Runner.runScenario()'><b>runScenario</b><br>Test class: org.example.testRunner.Runner<br>Test method: Runs Cucumber Scenarios<br>Parameters: "user opens rss link", "F07_followUs | User open social media links"</td>
<td><div><pre>java.lang.IndexOutOfBoundsException: Index 1 out of bounds for length 1
	at java.base/jdk.internal.util.Preconditions.outOfBounds(Preconditions.java:100)
	at java.base/jdk.internal.util.Preconditions.outOfBoundsCheckIndex(Preconditions.java:106)
	at java.base/jdk.internal.util.Preconditions.checkIndex(Preconditions.java:302)
	at java.base/java.util.Objects.checkIndex(Objects.java:359)
	at java.base/java.util.ArrayList.get(ArrayList.java:427)
	at org.example.stepDefs.D07_followUsStepDef.verify_new_tab_link(D07_followUsStepDef.java:44)
	at ✽.verify new tab link &quot;https://demo.nopcommerce.com/new-online-store-is-open&quot;(file:///D:/clipse-workspaces/intellij/automation_projects/demonopcommerce/src/main/resources/features/F07_followUs.feature:16)
</pre></div><a href='#' onClick='toggleBox("stack-trace874303441", this, "Click to show all stack frames", "Click to hide stack frames")'>Click to show all stack frames</a>
<div class='stack-trace' id='stack-trace874303441'><pre>java.lang.IndexOutOfBoundsException: Index 1 out of bounds for length 1
	at java.base/jdk.internal.util.Preconditions.outOfBounds(Preconditions.java:100)
	at java.base/jdk.internal.util.Preconditions.outOfBoundsCheckIndex(Preconditions.java:106)
	at java.base/jdk.internal.util.Preconditions.checkIndex(Preconditions.java:302)
	at java.base/java.util.Objects.checkIndex(Objects.java:359)
	at java.base/java.util.ArrayList.get(ArrayList.java:427)
	at org.example.stepDefs.D07_followUsStepDef.verify_new_tab_link(D07_followUsStepDef.java:44)
	at ✽.verify new tab link &quot;https://demo.nopcommerce.com/new-online-store-is-open&quot;(file:///D:/clipse-workspaces/intellij/automation_projects/demonopcommerce/src/main/resources/features/F07_followUs.feature:16)
</pre></div></td>
<td>8</td>
<td>org.example.testRunner.Runner@470f1802</td></tr>
</table><p>
<table width='100%' border='1' class='invocation-passed'>
<tr><td colspan='4' align='center'><b>PASSED TESTS</b></td></tr>
<tr><td><b>Test method</b></td>
<td><b>Attribute(s)</b></td>
<td width="30%"><b>Exception</b></td>
<td width="10%"><b>Time (seconds)</b></td>
<td><b>Instance</b></td>
</tr>
<tr>
<td title='org.example.testRunner.Runner.runScenario()'><b>runScenario</b><br>Test class: org.example.testRunner.Runner<br>Test method: Runs Cucumber Scenarios<br>Parameters: "user opens facebook link", "F07_followUs | User open social media links"</td>
<td></td>
<td>23</td>
<td>org.example.testRunner.Runner@470f1802</td></tr>
<tr>
<td title='org.example.testRunner.Runner.runScenario()'><b>runScenario</b><br>Test class: org.example.testRunner.Runner<br>Test method: Runs Cucumber Scenarios<br>Parameters: "Select Euro currency from the dropdown list on the top left of home page", "F03_ChangeCurrency | user changes the currency and reflected on the products list"</td>
<td></td>
<td>8</td>
<td>org.example.testRunner.Runner@470f1802</td></tr>
<tr>
<td title='org.example.testRunner.Runner.runScenario()'><b>runScenario</b><br>Test class: org.example.testRunner.Runner<br>Test method: Runs Cucumber Scenarios<br>Parameters: "User hover on one of main categories then click on sub category", "F05_hoverCategories | Ensure that products appear in categories"</td>
<td></td>
<td>7</td>
<td>org.example.testRunner.Runner@470f1802</td></tr>
<tr>
<td title='org.example.testRunner.Runner.runScenario()'><b>runScenario</b><br>Test class: org.example.testRunner.Runner<br>Test method: Runs Cucumber Scenarios<br>Parameters: "user opens youtube link", "F07_followUs | User open social media links"</td>
<td></td>
<td>16</td>
<td>org.example.testRunner.Runner@470f1802</td></tr>
<tr>
<td title='org.example.testRunner.Runner.runScenario()'><b>runScenario</b><br>Test class: org.example.testRunner.Runner<br>Test method: Runs Cucumber Scenarios<br>Parameters: "user could login with invalid email and password", "F02_Login | users could use login functionality to use their accounts"</td>
<td></td>
<td>8</td>
<td>org.example.testRunner.Runner@470f1802</td></tr>
<tr>
<td title='org.example.testRunner.Runner.runScenario()'><b>runScenario</b><br>Test class: org.example.testRunner.Runner<br>Test method: Runs Cucumber Scenarios<br>Parameters: "user opens twitter link", "F07_followUs | User open social media links"</td>
<td></td>
<td>9</td>
<td>org.example.testRunner.Runner@470f1802</td></tr>
<tr>
<td title='org.example.testRunner.Runner.runScenario()'><b>runScenario</b><br>Test class: org.example.testRunner.Runner<br>Test method: Runs Cucumber Scenarios<br>Parameters: "user could search using product name", "F04_Search | Logged User could search for any product"</td>
<td></td>
<td>7</td>
<td>org.example.testRunner.Runner@470f1802</td></tr>
<tr>
<td title='org.example.testRunner.Runner.runScenario()'><b>runScenario</b><br>Test class: org.example.testRunner.Runner<br>Test method: Runs Cucumber Scenarios<br>Parameters: "user could search using product name", "F04_Search | Logged User could search for any product"</td>
<td></td>
<td>8</td>
<td>org.example.testRunner.Runner@470f1802</td></tr>
<tr>
<td title='org.example.testRunner.Runner.runScenario()'><b>runScenario</b><br>Test class: org.example.testRunner.Runner<br>Test method: Runs Cucumber Scenarios<br>Parameters: "user could search using sku", "F04_Search | Logged User could search for any product"</td>
<td></td>
<td>12</td>
<td>org.example.testRunner.Runner@470f1802</td></tr>
<tr>
<td title='org.example.testRunner.Runner.runScenario()'><b>runScenario</b><br>Test class: org.example.testRunner.Runner<br>Test method: Runs Cucumber Scenarios<br>Parameters: "user could login with valid email and password", "F02_Login | users could use login functionality to use their accounts"</td>
<td></td>
<td>8</td>
<td>org.example.testRunner.Runner@470f1802</td></tr>
<tr>
<td title='org.example.testRunner.Runner.runScenario()'><b>runScenario</b><br>Test class: org.example.testRunner.Runner<br>Test method: Runs Cucumber Scenarios<br>Parameters: "user could search using product name", "F04_Search | Logged User could search for any product"</td>
<td></td>
<td>8</td>
<td>org.example.testRunner.Runner@470f1802</td></tr>
<tr>
<td title='org.example.testRunner.Runner.runScenario()'><b>runScenario</b><br>Test class: org.example.testRunner.Runner<br>Test method: Runs Cucumber Scenarios<br>Parameters: "user could search using sku", "F04_Search | Logged User could search for any product"</td>
<td></td>
<td>9</td>
<td>org.example.testRunner.Runner@470f1802</td></tr>
<tr>
<td title='org.example.testRunner.Runner.runScenario()'><b>runScenario</b><br>Test class: org.example.testRunner.Runner<br>Test method: Runs Cucumber Scenarios<br>Parameters: "user could search using sku", "F04_Search | Logged User could search for any product"</td>
<td></td>
<td>9</td>
<td>org.example.testRunner.Runner@470f1802</td></tr>
<tr>
<td title='org.example.testRunner.Runner.runScenario()'><b>runScenario</b><br>Test class: org.example.testRunner.Runner<br>Test method: Runs Cucumber Scenarios<br>Parameters: "user save a products to the wish list", "F08_Wishlist | User using wish list to save a products"</td>
<td></td>
<td>9</td>
<td>org.example.testRunner.Runner@470f1802</td></tr>
<tr>
<td title='org.example.testRunner.Runner.runScenario()'><b>runScenario</b><br>Test class: org.example.testRunner.Runner<br>Test method: Runs Cucumber Scenarios<br>Parameters: "guest user could register with valid data successfully", "F01_Register | users could register with new accounts"</td>
<td></td>
<td>10</td>
<td>org.example.testRunner.Runner@470f1802</td></tr>
<tr>
<td title='org.example.testRunner.Runner.runScenario()'><b>runScenario</b><br>Test class: org.example.testRunner.Runner<br>Test method: Runs Cucumber Scenarios<br>Parameters: "Check number of products added to the wish list", "F08_Wishlist | User using wish list to save a products"</td>
<td></td>
<td>8</td>
<td>org.example.testRunner.Runner@470f1802</td></tr>
<tr>
<td title='org.example.testRunner.Runner.runScenario()'><b>runScenario</b><br>Test class: org.example.testRunner.Runner<br>Test method: Runs Cucumber Scenarios<br>Parameters: "User could reset his/her password successfully", "F09_ResetPassword | User could reset password"</td>
<td></td>
<td>10</td>
<td>org.example.testRunner.Runner@470f1802</td></tr>
</table><p>
</body>
</html>