<?xml version="1.0" encoding="UTF-8" standalone="no"?>
<testsuite errors="0" failures="3" name="io.cucumber.core.plugin.JUnitFormatter" skipped="0" tests="20" time="204.835">
    <testcase classname="F01_Register | users could register with new accounts" name="guest user could register with valid data successfully" time="10.418">
        <system-out><![CDATA[Given user go to register page..............................................passed
When user select gender type................................................passed
And user enter first name "Ali" and last name "Jahlan"......................passed
And user enter date of birth................................................passed
And user enter email "QAtester@msn.com" field...............................passed
And user fills Password fields "P@ssw0rd" "P@ssw0rd"........................passed
Then user clicks on register button.........................................passed
And success message is displayed............................................passed
]]></system-out>
    </testcase>
    <testcase classname="F02_Login | users could use login functionality to use their accounts" name="user could login with valid email and password" time="8.958">
        <system-out><![CDATA[Given user go to login page.................................................passed
When user login with valid "QAtester@msn.com" and "P@ssw0rd"................passed
And user press on login button..............................................passed
Then user login to the system successfully..................................passed
]]></system-out>
    </testcase>
    <testcase classname="F02_Login | users could use login functionality to use their accounts" name="user could login with invalid email and password" time="8.038">
        <system-out><![CDATA[Given user go to login page.................................................passed
When user login with invalid "tester@msn.com" and "P@ssw0rd"................passed
And user press on login button..............................................passed
Then user could not login to the system.....................................passed
]]></system-out>
    </testcase>
    <testcase classname="F03_ChangeCurrency | user changes the currency and reflected on the products list" name="Select Euro currency from the dropdown list on the top left of home page" time="8.458">
        <system-out><![CDATA[Given select the currency type Euro Symbol..................................passed
Then verify Euro Symbol is shown on the products in Home page...............passed
]]></system-out>
    </testcase>
    <testcase classname="F04_Search | Logged User could search for any product" name="user could search using product name" time="7.936">
        <system-out><![CDATA[Given user enter "book" in search field.....................................passed
When user click on search button............................................passed
Then verify the URl contains "book".........................................passed
And verify results contains "book"..........................................passed
]]></system-out>
    </testcase>
    <testcase classname="F04_Search | Logged User could search for any product" name="user could search using product name 2" time="8.62">
        <system-out><![CDATA[Given user enter "laptop" in search field...................................passed
When user click on search button............................................passed
Then verify the URl contains "laptop".......................................passed
And verify results contains "laptop"........................................passed
]]></system-out>
    </testcase>
    <testcase classname="F04_Search | Logged User could search for any product" name="user could search using product name 3" time="8.575">
        <system-out><![CDATA[Given user enter "nike" in search field.....................................passed
When user click on search button............................................passed
Then verify the URl contains "nike".........................................passed
And verify results contains "nike"..........................................passed
]]></system-out>
    </testcase>
    <testcase classname="F04_Search | Logged User could search for any product" name="user could search using sku" time="12.059">
        <system-out><![CDATA[Given user enter "SCI_FAITH" in search field................................passed
When user click on search button............................................passed
And user click on the product card..........................................passed
And verify product sku contains "SCI_FAITH".................................passed
]]></system-out>
    </testcase>
    <testcase classname="F04_Search | Logged User could search for any product" name="user could search using sku 2" time="9.613">
        <system-out><![CDATA[Given user enter "APPLE_CAM" in search field................................passed
When user click on search button............................................passed
And user click on the product card..........................................passed
And verify product sku contains "APPLE_CAM".................................passed
]]></system-out>
    </testcase>
    <testcase classname="F04_Search | Logged User could search for any product" name="user could search using sku 3" time="9.191">
        <system-out><![CDATA[Given user enter "SF_PRO_11" in search field................................passed
When user click on search button............................................passed
And user click on the product card..........................................passed
And verify product sku contains "SF_PRO_11".................................passed
]]></system-out>
    </testcase>
    <testcase classname="F05_hoverCategories | Ensure that products appear in categories" name="User hover on one of main categories then click on sub category" time="7.53">
        <system-out><![CDATA[Given User hover on random main category on the top menu....................passed
When user click on a sub category of product................................passed
Then verify if the category title is matching...............................passed
]]></system-out>
    </testcase>
    <testcase classname="F06_homeSliders | check if the home slider is work as expected" name="verify if the first slider link is exist" time="7.98">
        <failure message="expected [https://demo.nopcommerce.com/nokia-lumia-1020] but found [https://demo.nopcommerce.com/]" type="java.lang.AssertionError"><![CDATA[Given user click first slide................................................passed
Then verify if the redirect link is "https://demo.nopcommerce.com/nokia-lumia-1020".failed

StackTrace:
java.lang.AssertionError: expected [https://demo.nopcommerce.com/nokia-lumia-1020] but found [https://demo.nopcommerce.com/]
	at org.testng.Assert.fail(Assert.java:110)
	at org.testng.Assert.failNotEquals(Assert.java:1413)
	at org.testng.Assert.assertEqualsImpl(Assert.java:149)
	at org.testng.Assert.assertEquals(Assert.java:131)
	at org.testng.Assert.assertEquals(Assert.java:655)
	at org.testng.Assert.assertEquals(Assert.java:665)
	at org.example.stepDefs.D06_homeSlidersStepDef.verify_if_the_redirect_link_is(D06_homeSlidersStepDef.java:29)
	at ✽.verify if the redirect link is "https://demo.nopcommerce.com/nokia-lumia-1020"(file:///D:/clipse-workspaces/intellij/automation_projects/demonopcommerce/src/main/resources/features/F06_homeSliders.feature:5)
]]></failure>
    </testcase>
    <testcase classname="F06_homeSliders | check if the home slider is work as expected" name="verify if the second slider link is exist" time="9.066">
        <failure message="expected [https://demo.nopcommerce.com/iphone-6] but found [https://demo.nopcommerce.com/]" type="java.lang.AssertionError"><![CDATA[Given user click second slide...............................................passed
Then verify if the redirect link is "https://demo.nopcommerce.com/iphone-6".failed

StackTrace:
java.lang.AssertionError: expected [https://demo.nopcommerce.com/iphone-6] but found [https://demo.nopcommerce.com/]
	at org.testng.Assert.fail(Assert.java:110)
	at org.testng.Assert.failNotEquals(Assert.java:1413)
	at org.testng.Assert.assertEqualsImpl(Assert.java:149)
	at org.testng.Assert.assertEquals(Assert.java:131)
	at org.testng.Assert.assertEquals(Assert.java:655)
	at org.testng.Assert.assertEquals(Assert.java:665)
	at org.example.stepDefs.D06_homeSlidersStepDef.verify_if_the_redirect_link_is(D06_homeSlidersStepDef.java:29)
	at ✽.verify if the redirect link is "https://demo.nopcommerce.com/iphone-6"(file:///D:/clipse-workspaces/intellij/automation_projects/demonopcommerce/src/main/resources/features/F06_homeSliders.feature:9)
]]></failure>
    </testcase>
    <testcase classname="F07_followUs | User open social media links" name="user opens facebook link" time="23.803">
        <system-out><![CDATA[Given user click on facebook icon...........................................passed
Then verify new tab link "https://www.facebook.com/nopCommerce".............passed
And close the current tab...................................................passed
]]></system-out>
    </testcase>
    <testcase classname="F07_followUs | User open social media links" name="user opens twitter link" time="9.516">
        <system-out><![CDATA[Given user click on twitter icon............................................passed
Then verify new tab link "https://twitter.com/nopCommerce"..................passed
And close the current tab...................................................passed
]]></system-out>
    </testcase>
    <testcase classname="F07_followUs | User open social media links" name="user opens rss link" time="8.74">
        <failure message="Index 1 out of bounds for length 1" type="java.lang.IndexOutOfBoundsException"><![CDATA[Given user click on rss icon................................................passed
Then verify new tab link "https://demo.nopcommerce.com/new-online-store-is-open".failed
And close the current tab...................................................skipped

StackTrace:
java.lang.IndexOutOfBoundsException: Index 1 out of bounds for length 1
	at java.base/jdk.internal.util.Preconditions.outOfBounds(Preconditions.java:100)
	at java.base/jdk.internal.util.Preconditions.outOfBoundsCheckIndex(Preconditions.java:106)
	at java.base/jdk.internal.util.Preconditions.checkIndex(Preconditions.java:302)
	at java.base/java.util.Objects.checkIndex(Objects.java:359)
	at java.base/java.util.ArrayList.get(ArrayList.java:427)
	at org.example.stepDefs.D07_followUsStepDef.verify_new_tab_link(D07_followUsStepDef.java:44)
	at ✽.verify new tab link "https://demo.nopcommerce.com/new-online-store-is-open"(file:///D:/clipse-workspaces/intellij/automation_projects/demonopcommerce/src/main/resources/features/F07_followUs.feature:16)
]]></failure>
    </testcase>
    <testcase classname="F07_followUs | User open social media links" name="user opens youtube link" time="16.531">
        <system-out><![CDATA[Given user click on youtube icon............................................passed
Then verify new tab link "https://www.youtube.com/user/nopCommerce".........passed
And close the current tab...................................................passed
]]></system-out>
    </testcase>
    <testcase classname="F08_Wishlist | User using wish list to save a products" name="user save a products to the wish list" time="9.761">
        <system-out><![CDATA[Given user click on the heart icon..........................................passed
Then verify the success msg "The product has been added to your wishlist" and BGColor "#4bb07a".passed
]]></system-out>
    </testcase>
    <testcase classname="F08_Wishlist | User using wish list to save a products" name="Check number of products added to the wish list" time="8.866">
        <system-out><![CDATA[Given user click on the heart icon..........................................passed
When user close the success msg bar.........................................passed
Then verify the wishlist Qty bigger than zero...............................passed
]]></system-out>
    </testcase>
    <testcase classname="F09_ResetPassword | User could reset password" name="User could reset his/her password successfully" time="10.847">
        <system-out><![CDATA[Given user click on login button............................................passed
When user click on Forgot password link.....................................passed
And user enter valid "QAtester@msn.com".....................................passed
And click on recover button.................................................passed
Then check the reset successfully...........................................passed
]]></system-out>
    </testcase>
</testsuite>
