<?xml version="1.0" encoding="UTF-8"?>
<!-- Generated by org.testng.reporters.JUnitReportReporter -->
<testsuite hostname="QA-Madrasty" failures="2" tests="20" name="org.example.testRunner.Runner" time="204.687" errors="1" timestamp="2022-07-16T16:26:48 EET" skipped="0">
  <testcase classname="org.example.testRunner.Runner" name="runScenario" time="9.067">
    <failure message="expected [https://demo.nopcommerce.com/iphone-6] but found [https://demo.nopcommerce.com/]" type="java.lang.AssertionError">
      <![CDATA[java.lang.AssertionError: expected [https://demo.nopcommerce.com/iphone-6] but found [https://demo.nopcommerce.com/]
at org.testng.Assert.fail(Assert.java:110)
at org.testng.Assert.failNotEquals(Assert.java:1413)
at org.testng.Assert.assertEqualsImpl(Assert.java:149)
at org.testng.Assert.assertEquals(Assert.java:131)
at org.testng.Assert.assertEquals(Assert.java:655)
at org.testng.Assert.assertEquals(Assert.java:665)
at org.example.stepDefs.D06_homeSlidersStepDef.verify_if_the_redirect_link_is(D06_homeSlidersStepDef.java:29)
at ✽.verify if the redirect link is "https://demo.nopcommerce.com/iphone-6"(file:///D:/clipse-workspaces/intellij/automation_projects/demonopcommerce/src/main/resources/features/F06_homeSliders.feature:9)
]]>
    </failure>
  </testcase> <!-- runScenario -->
  <system-out/>
  <testcase classname="org.example.testRunner.Runner" name="runScenario" time="23.804"/>
  <system-out/>
  <testcase classname="org.example.testRunner.Runner" name="runScenario" time="8.472"/>
  <system-out/>
  <testcase classname="org.example.testRunner.Runner" name="runScenario" time="7.540"/>
  <system-out/>
  <testcase classname="org.example.testRunner.Runner" name="runScenario" time="16.532"/>
  <system-out/>
  <testcase classname="org.example.testRunner.Runner" name="runScenario" time="8.050"/>
  <system-out/>
  <testcase classname="org.example.testRunner.Runner" name="runScenario" time="9.516"/>
  <system-out/>
  <testcase classname="org.example.testRunner.Runner" name="runScenario" time="7.937"/>
  <system-out/>
  <testcase classname="org.example.testRunner.Runner" name="runScenario" time="8.741">
    <error message="Index 1 out of bounds for length 1" type="java.lang.IndexOutOfBoundsException">
      <![CDATA[java.lang.IndexOutOfBoundsException: Index 1 out of bounds for length 1
at java.base/jdk.internal.util.Preconditions.outOfBounds(Preconditions.java:100)
at java.base/jdk.internal.util.Preconditions.outOfBoundsCheckIndex(Preconditions.java:106)
at java.base/jdk.internal.util.Preconditions.checkIndex(Preconditions.java:302)
at java.base/java.util.Objects.checkIndex(Objects.java:359)
at java.base/java.util.ArrayList.get(ArrayList.java:427)
at org.example.stepDefs.D07_followUsStepDef.verify_new_tab_link(D07_followUsStepDef.java:44)
at ✽.verify new tab link "https://demo.nopcommerce.com/new-online-store-is-open"(file:///D:/clipse-workspaces/intellij/automation_projects/demonopcommerce/src/main/resources/features/F07_followUs.feature:16)
]]>
    </error>
  </testcase> <!-- runScenario -->
  <system-out/>
  <testcase classname="org.example.testRunner.Runner" name="runScenario" time="8.585"/>
  <system-out/>
  <testcase classname="org.example.testRunner.Runner" name="runScenario" time="12.061"/>
  <system-out/>
  <testcase classname="org.example.testRunner.Runner" name="runScenario" time="8.992"/>
  <system-out/>
  <testcase classname="org.example.testRunner.Runner" name="runScenario" time="8.620"/>
  <system-out/>
  <testcase classname="org.example.testRunner.Runner" name="runScenario" time="9.615"/>
  <system-out/>
  <testcase classname="org.example.testRunner.Runner" name="runScenario" time="9.204"/>
  <system-out/>
  <testcase classname="org.example.testRunner.Runner" name="runScenario" time="7.980">
    <failure message="expected [https://demo.nopcommerce.com/nokia-lumia-1020] but found [https://demo.nopcommerce.com/]" type="java.lang.AssertionError">
      <![CDATA[java.lang.AssertionError: expected [https://demo.nopcommerce.com/nokia-lumia-1020] but found [https://demo.nopcommerce.com/]
at org.testng.Assert.fail(Assert.java:110)
at org.testng.Assert.failNotEquals(Assert.java:1413)
at org.testng.Assert.assertEqualsImpl(Assert.java:149)
at org.testng.Assert.assertEquals(Assert.java:131)
at org.testng.Assert.assertEquals(Assert.java:655)
at org.testng.Assert.assertEquals(Assert.java:665)
at org.example.stepDefs.D06_homeSlidersStepDef.verify_if_the_redirect_link_is(D06_homeSlidersStepDef.java:29)
at ✽.verify if the redirect link is "https://demo.nopcommerce.com/nokia-lumia-1020"(file:///D:/clipse-workspaces/intellij/automation_projects/demonopcommerce/src/main/resources/features/F06_homeSliders.feature:5)
]]>
    </failure>
  </testcase> <!-- runScenario -->
  <system-out/>
  <testcase classname="org.example.testRunner.Runner" name="runScenario" time="9.762"/>
  <system-out/>
  <testcase classname="org.example.testRunner.Runner" name="runScenario" time="10.494"/>
  <system-out/>
  <testcase classname="org.example.testRunner.Runner" name="runScenario" time="8.868"/>
  <system-out/>
  <testcase classname="org.example.testRunner.Runner" name="runScenario" time="10.847"/>
  <system-out/>
</testsuite> <!-- org.example.testRunner.Runner -->
